<?xml version="1.0" encoding="UTF-8"?>
<!-- Generated by org.testng.reporters.JUnitReportReporter -->
<testsuite skipped="0" hostname="AMIT" name="github.GithubClass" tests="1" failures="0" timestamp="28 Dec 2022 08:17:05 GMT" time="0.016" errors="0">
  <testcase name="method" time="0.016" classname="github.GithubClass"/>
</testsuite> <!-- github.GithubClass -->
